<?xml version="1.0" encoding="UTF-8"?>
<!-- Generated by org.testng.reporters.JUnitXMLReporter -->
<testsuite hostname="XD" name="Test1" tests="5" failures="0" timestamp="28 Aug 2016 15:53:16 GMT" time="0.045" errors="0">
  <testcase name="" time="0.004" classname="std.PositiveCreateNewFileTest"/>
  <testcase name="" time="0.001" classname="std.PositiveCreateNewFileTest"/>
  <testcase name="" time="0.0" classname="std.PositiveCreateNewFileTest"/>
  <testcase name="" time="0.001" classname="std.NegativeCreateNewFileTest"/>
  <testcase name="" time="0.0" classname="std.NegativeCreateNewFileTest"/>
</testsuite> <!-- Test1 -->
