<?xml version="1.0" encoding="UTF-8"?>
<testng-results skipped="0" failed="0" total="1" passed="1">
  <reporter-output>
  </reporter-output>
  <suite name="Command line suite" duration-ms="37" started-at="2016-08-24T19:39:48Z" finished-at="2016-08-24T19:39:48Z">
    <groups>
    </groups>
    <test name="Command line test" duration-ms="37" started-at="2016-08-24T19:39:48Z" finished-at="2016-08-24T19:39:48Z">
      <class name="std.AppTest">
        <test-method status="PASS" signature="testApp()[pri:0, instance:testApp(std.AppTest)]" name="testApp" duration-ms="1" started-at="2016-08-24T22:39:48Z" finished-at="2016-08-24T22:39:48Z">
          <reporter-output>
          </reporter-output>
        </test-method> <!-- testApp -->
      </class> <!-- std.AppTest -->
    </test> <!-- Command line test -->
  </suite> <!-- Command line suite -->
</testng-results>
