<?xml version="1.0" encoding="UTF-8"?>
<testng-results skipped="0" failed="0" total="5" passed="5">
  <reporter-output>
  </reporter-output>
  <suite name="Suite1" duration-ms="45" started-at="2016-08-28T15:53:15Z" finished-at="2016-08-28T15:53:15Z">
    <groups>
    </groups>
    <test name="Test1" duration-ms="45" started-at="2016-08-28T15:53:15Z" finished-at="2016-08-28T15:53:15Z">
      <class name="std.NegativeCreateNewFileTest">
        <test-method status="PASS" signature="Negative_ComparingSymbolsTest()[pri:0, instance:std.NegativeCreateNewFileTest@7a5d012c]" test-instance-name="" name="Negative_ComparingSymbolsTest" duration-ms="1" started-at="2016-08-28T18:53:15Z" finished-at="2016-08-28T18:53:15Z">
          <reporter-output>
          </reporter-output>
        </test-method> <!-- Negative_ComparingSymbolsTest -->
        <test-method status="PASS" signature="Negative_NoNameTest()[pri:0, instance:std.NegativeCreateNewFileTest@7a5d012c]" test-instance-name="" name="Negative_NoNameTest" duration-ms="0" started-at="2016-08-28T18:53:15Z" finished-at="2016-08-28T18:53:15Z">
          <reporter-output>
          </reporter-output>
        </test-method> <!-- Negative_NoNameTest -->
      </class> <!-- std.NegativeCreateNewFileTest -->
      <class name="std.PositiveCreateNewFileTest">
        <test-method status="PASS" signature="setUp()[pri:0, instance:std.PositiveCreateNewFileTest@3cda1055]" test-instance-name="" name="setUp" is-config="true" duration-ms="15" started-at="2016-08-28T18:53:15Z" finished-at="2016-08-28T18:53:15Z">
          <reporter-output>
          </reporter-output>
        </test-method> <!-- setUp -->
        <test-method status="PASS" signature="Positive_NoExtensionFileTest()[pri:0, instance:std.PositiveCreateNewFileTest@3cda1055]" test-instance-name="" name="Positive_NoExtensionFileTest" duration-ms="4" started-at="2016-08-28T18:53:15Z" finished-at="2016-08-28T18:53:15Z">
          <reporter-output>
          </reporter-output>
        </test-method> <!-- Positive_NoExtensionFileTest -->
        <test-method status="PASS" signature="Positive_txtFileTest()[pri:0, instance:std.PositiveCreateNewFileTest@3cda1055]" test-instance-name="" name="Positive_txtFileTest" duration-ms="1" started-at="2016-08-28T18:53:15Z" finished-at="2016-08-28T18:53:15Z">
          <reporter-output>
          </reporter-output>
        </test-method> <!-- Positive_txtFileTest -->
        <test-method status="PASS" signature="Positive_xmlFileNumbersTest()[pri:0, instance:std.PositiveCreateNewFileTest@3cda1055]" test-instance-name="" name="Positive_xmlFileNumbersTest" duration-ms="0" started-at="2016-08-28T18:53:15Z" finished-at="2016-08-28T18:53:15Z">
          <reporter-output>
          </reporter-output>
        </test-method> <!-- Positive_xmlFileNumbersTest -->
        <test-method status="PASS" signature="cleanUp()[pri:0, instance:std.PositiveCreateNewFileTest@3cda1055]" test-instance-name="" name="cleanUp" is-config="true" duration-ms="2" started-at="2016-08-28T18:53:15Z" finished-at="2016-08-28T18:53:15Z">
          <reporter-output>
          </reporter-output>
        </test-method> <!-- cleanUp -->
      </class> <!-- std.PositiveCreateNewFileTest -->
    </test> <!-- Test1 -->
  </suite> <!-- Suite1 -->
</testng-results>
