<?xml version="1.0" encoding="UTF-8"?>
<!-- Generated by org.testng.reporters.JUnitXMLReporter -->
<testsuite hostname="XD" name="Command line test" tests="5" failures="0" timestamp="27 Aug 2016 21:42:52 GMT" time="0.037" errors="0">
  <testcase name="" time="0.005" classname="std.CreateNewFileFunctionTest"/>
  <testcase name="" time="0.0" classname="std.CreateNewFileFunctionTest"/>
  <testcase name="" time="0.001" classname="std.CreateNewFileFunctionTest"/>
  <testcase name="" time="0.0" classname="std.CreateNewFileFunctionTest"/>
  <testcase name="" time="0.001" classname="std.CreateNewFileFunctionTest"/>
</testsuite> <!-- Command line test -->
