<?xml version="1.0" encoding="UTF-8"?>
<!-- Generated by org.testng.reporters.JUnitXMLReporter -->
<testsuite hostname="XD" name="Command line test" tests="5" failures="0" timestamp="28 Aug 2016 15:28:56 GMT" time="0.036" errors="0">
  <testcase name="" time="0.002" classname="std.NegativeCreateNewFileTest"/>
  <testcase name="" time="0.0" classname="std.NegativeCreateNewFileTest"/>
  <testcase name="" time="0.001" classname="std.PositiveCreateNewFileTest"/>
  <testcase name="" time="0.0" classname="std.PositiveCreateNewFileTest"/>
  <testcase name="" time="0.001" classname="std.PositiveCreateNewFileTest"/>
</testsuite> <!-- Command line test -->
