<?xml version="1.0" encoding="UTF-8"?>
<testng-results skipped="0" failed="0" total="3" passed="3">
  <reporter-output>
  </reporter-output>
  <suite name="std.PointClassTest" duration-ms="37" started-at="2016-08-24T19:37:10Z" finished-at="2016-08-24T19:37:10Z">
    <groups>
    </groups>
    <test name="Command line test" duration-ms="37" started-at="2016-08-24T19:37:10Z" finished-at="2016-08-24T19:37:10Z">
      <class name="std.PointClassTest">
        <test-method status="PASS" signature="DistanceCheckPrecise()[pri:0, instance:std.PointClassTest@38082d64]" name="DistanceCheckPrecise" duration-ms="10" started-at="2016-08-24T22:37:10Z" finished-at="2016-08-24T22:37:10Z">
          <reporter-output>
          </reporter-output>
        </test-method> <!-- DistanceCheckPrecise -->
        <test-method status="PASS" signature="DistanceCheckRounding()[pri:0, instance:std.PointClassTest@38082d64]" name="DistanceCheckRounding" duration-ms="10" started-at="2016-08-24T22:37:10Z" finished-at="2016-08-24T22:37:10Z">
          <reporter-output>
          </reporter-output>
        </test-method> <!-- DistanceCheckRounding -->
        <test-method status="PASS" signature="DistanceCheckZeroPoint()[pri:0, instance:std.PointClassTest@38082d64]" name="DistanceCheckZeroPoint" duration-ms="0" started-at="2016-08-24T22:37:10Z" finished-at="2016-08-24T22:37:10Z">
          <reporter-output>
          </reporter-output>
        </test-method> <!-- DistanceCheckZeroPoint -->
      </class> <!-- std.PointClassTest -->
    </test> <!-- Command line test -->
  </suite> <!-- std.PointClassTest -->
</testng-results>
