<?xml version="1.0" encoding="UTF-8"?>
<testng-results skipped="0" failed="0" total="3" passed="3">
  <reporter-output>
  </reporter-output>
  <suite name="Command line suite" duration-ms="38" started-at="2016-08-24T19:39:48Z" finished-at="2016-08-24T19:39:48Z">
    <groups>
    </groups>
    <test name="Command line test" duration-ms="38" started-at="2016-08-24T19:39:48Z" finished-at="2016-08-24T19:39:48Z">
      <class name="std.PointClassTest">
        <test-method status="PASS" signature="DistanceCheckPrecise()[pri:0, instance:std.PointClassTest@180bc464]" name="DistanceCheckPrecise" duration-ms="10" started-at="2016-08-24T22:39:48Z" finished-at="2016-08-24T22:39:48Z">
          <reporter-output>
          </reporter-output>
        </test-method> <!-- DistanceCheckPrecise -->
        <test-method status="PASS" signature="DistanceCheckRounding()[pri:0, instance:std.PointClassTest@180bc464]" name="DistanceCheckRounding" duration-ms="12" started-at="2016-08-24T22:39:48Z" finished-at="2016-08-24T22:39:48Z">
          <reporter-output>
          </reporter-output>
        </test-method> <!-- DistanceCheckRounding -->
        <test-method status="PASS" signature="DistanceCheckZeroPoint()[pri:0, instance:std.PointClassTest@180bc464]" name="DistanceCheckZeroPoint" duration-ms="0" started-at="2016-08-24T22:39:48Z" finished-at="2016-08-24T22:39:48Z">
          <reporter-output>
          </reporter-output>
        </test-method> <!-- DistanceCheckZeroPoint -->
      </class> <!-- std.PointClassTest -->
    </test> <!-- Command line test -->
  </suite> <!-- Command line suite -->
</testng-results>
