<?xml version="1.0" encoding="UTF-8"?>
<!-- Generated by org.testng.reporters.JUnitXMLReporter -->
<testsuite hostname="XD" name="Command line test" tests="3" failures="0" timestamp="24 Aug 2016 19:37:10 GMT" time="0.037" errors="0">
  <testcase name="DistanceCheckPrecise" time="0.01" classname="std.PointClassTest"/>
  <testcase name="DistanceCheckRounding" time="0.01" classname="std.PointClassTest"/>
  <testcase name="DistanceCheckZeroPoint" time="0.0" classname="std.PointClassTest"/>
</testsuite> <!-- Command line test -->
